<?xml version="1.0" encoding="UTF-8"?>
<!-- Generated by org.testng.reporters.JUnitReportReporter -->
<testsuite hostname="DESKTOP-FUGEFD6" failures="0" tests="1" name="sampleFlipkart.IphoneBooking" time="2.516" errors="0" timestamp="2023-03-31T15:25:05 IST" skipped="0">
  <testcase classname="sampleFlipkart.IphoneBooking" name="iphoneBooking" time="2.516"/>
  <system-out/>
</testsuite> <!-- sampleFlipkart.IphoneBooking -->
